\BOOKMARK [0][-]{chapter.1}{\376\377\0001\000.\000\040\000B\000e\000v\000e\000z\000e\000t\000\351\000s}{}% 1
\BOOKMARK [0][-]{chapter.2}{\376\377\0002\000.\000\040\000K\000\366\000v\000e\000t\000e\000l\000m\000\351\000n\000y\000\040\000s\000p\000e\000c\000i\000f\000i\000k\000\341\000c\000i\000\363}{}% 2
\BOOKMARK [1][-]{section.2.1}{\376\377\0002\000.\0001\000.\000\040\000F\000o\000g\000a\000l\000o\000m\000t\000\341\000r}{chapter.2}% 3
\BOOKMARK [1][-]{section.2.2}{\376\377\0002\000.\0002\000.\000\040\000J\000e\000l\000e\000n\000l\000e\000g\000i\000\040\000h\000e\000l\000y\000z\000e\000t\000\040\000l\000e\000\355\000r\000\341\000s\000a}{chapter.2}% 4
\BOOKMARK [1][-]{section.2.3}{\376\377\0002\000.\0003\000.\000\040\000V\000\341\000g\000y\000\341\000l\000o\000m\000\040\000r\000e\000n\000d\000s\000z\000e\000r}{chapter.2}% 5
\BOOKMARK [1][-]{section.2.4}{\376\377\0002\000.\0004\000.\000\040\000A\000\040\000r\000e\000n\000d\000s\000z\000e\000r\000r\000e\000\040\000v\000o\000n\000a\000t\000k\000o\000z\000\363\000\040\000p\000\341\000l\000y\000\341\000z\000a\000t\000,\000\040\000t\000\366\000r\000v\000\351\000n\000y\000e\000k\000,\000\040\000r\000e\000n\000d\000e\000l\000e\000t\000e\000k\000,\000\040\000s\000z\000a\000b\000v\000\341\000n\000y\000o\000k\000\040\000\351\000s\000\040\000a\000j\000\341\000n\000l\000\341\000s\000o\000k\000\040\000f\000e\000l\000s\000o\000r\000o\000l\000\341\000s\000a}{chapter.2}% 6
\BOOKMARK [1][-]{section.2.5}{\376\377\0002\000.\0005\000.\000\040\000K\000\366\000v\000e\000t\000e\000l\000m\000\351\000n\000y\000\040\000l\000i\000s\000t\000a}{chapter.2}% 7
\BOOKMARK [1][-]{section.2.6}{\376\377\0002\000.\0006\000.\000\040\000T\000e\000c\000h\000n\000i\000k\000a\000i\000\040\000f\000e\000l\000t\000\351\000t\000e\000l}{chapter.2}% 8
\BOOKMARK [1][-]{section.2.7}{\376\377\0002\000.\0007\000.\000\040\000R\000e\000n\000d\000s\000z\000e\000r\000s\000p\000e\000c\000i\000f\000i\000k\000\341\000c\000i\000\363}{chapter.2}% 9
\BOOKMARK [1][-]{section.2.8}{\376\377\0002\000.\0008\000.\000\040\000A\000z\000\040\000a\000l\000k\000a\000l\000m\000a\000z\000\341\000s\000s\000a\000l\000\040\000s\000z\000e\000m\000b\000e\000n\000\040\000t\000\341\000m\000a\000s\000z\000t\000o\000t\000t\000\040\000f\000u\000n\000k\000c\000i\000o\000n\000\341\000l\000i\000s\000\040\000k\000\366\000v\000e\000t\000e\000l\000m\000\351\000n\000y}{chapter.2}% 10
\BOOKMARK [1][-]{section.2.9}{\376\377\0002\000.\0009\000.\000\040\000F\000u\000n\000k\000c\000i\000o\000n\000\341\000l\000i\000s\000\040\000s\000p\000e\000c\000i\000f\000i\000k\000\341\000c\000i\000\363}{chapter.2}% 11
\BOOKMARK [2][-]{subsection.2.9.1}{\376\377\0002\000.\0009\000.\0001\000.\000\040\000F\000e\000l\000h\000a\000s\000z\000n\000\341\000l\000\363\000k\000\040\000s\000z\000\341\000m\000\341\000r\000a\000\040\000e\000l\000\351\000r\000h\000e\000t\001\121\000\040\000f\000u\000n\000k\000c\000i\000\363\000k}{section.2.9}% 12
\BOOKMARK [2][-]{subsection.2.9.2}{\376\377\0002\000.\0009\000.\0002\000.\000\040\000A\000d\000m\000i\000n\000o\000k\000\040\000s\000z\000\341\000m\000\341\000r\000a\000\040\000e\000l\000\351\000r\000h\000e\000t\001\121\000\040\000f\000u\000n\000k\000c\000i\000\363\000k}{section.2.9}% 13
\BOOKMARK [0][-]{chapter.3}{\376\377\0003\000.\000\040\000F\000e\000l\000h\000a\000s\000z\000n\000\341\000l\000t\000\040\000t\000e\000c\000h\000n\000o\000l\000\363\000g\000i\000\341\000k\000/\000e\000s\000z\000k\000\366\000z\000\366\000k}{}% 14
\BOOKMARK [1][-]{section.3.1}{\376\377\0003\000.\0001\000.\000\040\000M\000V\000V\000M}{chapter.3}% 15
\BOOKMARK [2][-]{subsection.3.1.1}{\376\377\0003\000.\0001\000.\0001\000.\000\040\000M\000V\000V\000M\000\040\000b\000e\000m\000u\000t\000a\000t\000\341\000s\000a}{section.3.1}% 16
\BOOKMARK [2][-]{subsection.3.1.2}{\376\377\0003\000.\0001\000.\0002\000.\000\040\000M\000V\000V\000M\000\040\000k\000e\000r\000e\000t\000r\000e\000n\000d\000s\000z\000e\000r}{section.3.1}% 17
\BOOKMARK [1][-]{section.3.2}{\376\377\0003\000.\0002\000.\000\040\000g\000R\000P\000C\000\040\000\351\000s\000\040\000a\000\040\000P\000r\000o\000t\000o\000b\000u\000f\000f\000e\000r}{chapter.3}% 18
\BOOKMARK [2][-]{subsection.3.2.1}{\376\377\0003\000.\0002\000.\0001\000.\000\040\000g\000R\000P\000C\000\040\000b\000e\000m\000u\000t\000a\000t\000\341\000s\000a}{section.3.2}% 19
\BOOKMARK [2][-]{subsection.3.2.2}{\376\377\0003\000.\0002\000.\0002\000.\000\040\000P\000r\000o\000t\000o\000b\000u\000f\000f\000e\000r\000\040\000b\000e\000m\000u\000t\000a\000t\000\341\000s\000a}{section.3.2}% 20
\BOOKMARK [0][-]{chapter.4}{\376\377\0004\000.\000\040\000I\000m\000p\000l\000e\000m\000e\000n\000t\000\341\000l\000\341\000s}{}% 21
\BOOKMARK [1][-]{section.4.1}{\376\377\0004\000.\0001\000.\000\040\000K\000l\000i\000e\000n\000s\000\040\000i\000m\000p\000l\000e\000m\000e\000n\000t\000\341\000l\000\341\000s\000a}{chapter.4}% 22
\BOOKMARK [1][-]{section.4.2}{\376\377\0004\000.\0002\000.\000\040\000S\000z\000e\000r\000v\000e\000r\000\040\000i\000m\000p\000l\000e\000m\000e\000n\000t\000\341\000l\000\341\000s\000a}{chapter.4}% 23
\BOOKMARK [1][-]{section.4.3}{\376\377\0004\000.\0003\000.\000\040\000A\000d\000a\000t\000b\000\341\000z\000i\000s}{chapter.4}% 24
\BOOKMARK [2][-]{subsection.4.3.1}{\376\377\0004\000.\0003\000.\0001\000.\000\040\000A\000d\000a\000t\000b\000\341\000z\000i\000s\000-\000k\000e\000z\000e\000l\001\121}{section.4.3}% 25
\BOOKMARK [2][-]{subsection.4.3.2}{\376\377\0004\000.\0003\000.\0002\000.\000\040\000T\000\341\000b\000l\000\341\000k}{section.4.3}% 26
\BOOKMARK [2][-]{subsection.4.3.3}{\376\377\0004\000.\0003\000.\0003\000.\000\040\000T\000\341\000r\000o\000l\000t\000\040\000e\000l\000j\000\341\000r\000\341\000s\000o\000k}{section.4.3}% 27
\BOOKMARK [2][-]{subsection.4.3.4}{\376\377\0004\000.\0003\000.\0004\000.\000\040\000N\000\351\000z\000e\000t\000e\000k}{section.4.3}% 28
\BOOKMARK [0][-]{chapter.5}{\376\377\0005\000.\000\040\000T\000o\000v\000\341\000b\000b\000f\000e\000j\000l\000e\000s\000z\000t\000\351\000s\000i\000\040\000l\000e\000h\000e\000t\001\121\000s\000\351\000g\000e\000k\000\040\000\351\000s\000\040\000i\000s\000m\000e\000r\000t\000\040\000h\000i\000b\000\341\000k\000.}{}% 29
\BOOKMARK [0][-]{chapter.6}{\376\377\0006\000.\000\040\000\326\000s\000s\000z\000e\000f\000o\000g\000l\000a\000l\000\341\000s}{}% 30
\BOOKMARK [0][-]{chapter.7}{\376\377\0007\000.\000\040\000D\000o\000k\000u\000m\000e\000n\000t\000\341\000c\000i\000\363}{}% 31
\BOOKMARK [1][-]{section.7.1}{\376\377\0007\000.\0001\000.\000\040\000S\000z\000e\000r\000v\000e\000r\000\040\000t\000e\000l\000e\000p\000\355\000t\000\351\000s\000e\000\040\000\351\000s\000\040\000a\000l\000a\000p\000b\000e\000\341\000l\000l\000\355\000t\000\341\000s\000a}{chapter.7}% 32
\BOOKMARK [1][-]{section.7.2}{\376\377\0007\000.\0002\000.\000\040\000F\000e\000l\000h\000a\000s\000z\000n\000\341\000l\000\363\000i\000\040\000d\000o\000k\000u\000m\000e\000n\000t\000\341\000c\000i\000\363}{chapter.7}% 33
\BOOKMARK [2][-]{subsection.7.2.1}{\376\377\0007\000.\0002\000.\0001\000.\000\040\000B\000e\000j\000e\000l\000e\000n\000t\000k\000e\000z\000\351\000s}{section.7.2}% 34
\BOOKMARK [2][-]{subsection.7.2.2}{\376\377\0007\000.\0002\000.\0002\000.\000\040\000T\000\366\000r\000z\000s}{section.7.2}% 35
\BOOKMARK [2][-]{subsection.7.2.3}{\376\377\0007\000.\0002\000.\0003\000.\000\040\000I\000k\000t\000a\000t\000\341\000s}{section.7.2}% 36
\BOOKMARK [2][-]{subsection.7.2.4}{\376\377\0007\000.\0002\000.\0004\000.\000\040\000K\000e\000r\000e\000s\000\351\000s}{section.7.2}% 37
\BOOKMARK [2][-]{subsection.7.2.5}{\376\377\0007\000.\0002\000.\0005\000.\000\040\000I\000k\000t\000a\000t\000\341\000s\000\040\000m\000\363\000d\000o\000s\000\355\000t\000\341\000s}{section.7.2}% 38
\BOOKMARK [2][-]{subsection.7.2.6}{\376\377\0007\000.\0002\000.\0006\000.\000\040\000D\000o\000k\000u\000m\000e\000n\000t\000u\000m\000k\000e\000z\000e\000l\000\351\000s}{section.7.2}% 39
\BOOKMARK [2][-]{subsection.7.2.7}{\376\377\0007\000.\0002\000.\0007\000.\000\040\000K\000i\000j\000e\000l\000e\000n\000t\000k\000e\000z\000\351\000s\000"\0000\0002\0006\000E\0003\0000\000F\000\040\000K\000i\000l\000\351\000p\000\351\000s}{section.7.2}% 40
